<?xml version="1.0" encoding="UTF-8"?>
<robot generator="Robot 7.3 (Python 3.13.4 on win32)" generated="2025-06-11T12:43:44.428780" rpa="false" schemaversion="5">
<suite id="s1" name="Tables" source="C:\Users\shkum\PycharmProjects\RobotFrameWork1\Selenium\Tables.robot">
<test id="s1-t1" name="Verify Key Presses" line="10">
<kw name="Open Browser" owner="SeleniumLibrary">
<msg time="2025-06-11T12:43:44.970158" level="INFO">Opening browser 'Chrome' to base url 'https://the-internet.herokuapp.com/tables'.</msg>
<arg>${URL}</arg>
<arg>${BROWSER}</arg>
<doc>Opens a new browser instance to the optional ``url``.</doc>
<status status="PASS" start="2025-06-11T12:43:44.969646" elapsed="6.776022"/>
</kw>
<kw name="Maximize Browser Window" owner="SeleniumLibrary">
<doc>Maximizes current browser window.</doc>
<status status="PASS" start="2025-06-11T12:43:51.746058" elapsed="0.028892"/>
</kw>
<kw name="Get Table Cell" owner="SeleniumLibrary">
<msg time="2025-06-11T12:43:51.826693" level="INFO">${name} = Conway</msg>
<var>${name}</var>
<arg>xpath://table[@id='table1']</arg>
<arg>5</arg>
<arg>1</arg>
<doc>Returns contents of a table cell.</doc>
<status status="PASS" start="2025-06-11T12:43:51.775513" elapsed="0.051230"/>
</kw>
<kw name="Log To Console" owner="BuiltIn">
<arg>${name}</arg>
<doc>Logs the given message to the console.</doc>
<status status="PASS" start="2025-06-11T12:43:51.827046" elapsed="0.000322"/>
</kw>
<kw name="Sleep" owner="BuiltIn">
<msg time="2025-06-11T12:43:53.828024" level="INFO">Slept 2 seconds.</msg>
<arg>2</arg>
<doc>Pauses the test executed for the given time.</doc>
<status status="PASS" start="2025-06-11T12:43:51.827642" elapsed="2.000575"/>
</kw>
<kw name="Get Table Cell" owner="SeleniumLibrary">
<msg time="2025-06-11T12:43:53.894944" level="INFO">${name2} = John</msg>
<var>${name2}</var>
<arg>xpath://table[@id='table1']</arg>
<arg>2</arg>
<arg>2</arg>
<doc>Returns contents of a table cell.</doc>
<status status="PASS" start="2025-06-11T12:43:53.828700" elapsed="0.066345"/>
</kw>
<kw name="Log To Console" owner="BuiltIn">
<arg>${name2}</arg>
<doc>Logs the given message to the console.</doc>
<status status="PASS" start="2025-06-11T12:43:53.896648" elapsed="0.000820"/>
</kw>
<kw name="Sleep" owner="BuiltIn">
<msg time="2025-06-11T12:43:55.899421" level="INFO">Slept 2 seconds.</msg>
<arg>2</arg>
<doc>Pauses the test executed for the given time.</doc>
<status status="PASS" start="2025-06-11T12:43:53.898642" elapsed="2.001004"/>
</kw>
<kw name="Get WebElements" owner="SeleniumLibrary">
<msg time="2025-06-11T12:43:55.941024" level="INFO">${rows} = [&lt;selenium.webdriver.remote.webelement.WebElement (session="d9771c7eb13bb4694c9390cbda36a43a", element="f.FFE2A531DADFC0F6E7A135AB72A05C64.d.7648D02BEC23EC8D62E73B855E791B9A.e.5")&gt;, &lt;selenium.webdrive...</msg>
<var>${rows}</var>
<arg>xpath=//table[@id='table1']/tbody/tr</arg>
<doc>Returns a list of WebElement objects matching the ``locator``.</doc>
<status status="PASS" start="2025-06-11T12:43:55.900250" elapsed="0.040892"/>
</kw>
<for flavor="IN">
<iter>
<kw name="Get Text" owner="SeleniumLibrary">
<msg time="2025-06-11T12:43:55.979507" level="INFO">${text} = Smith John jsmith@gmail.com $50.00 http://www.jsmith.com edit delete</msg>
<var>${text}</var>
<arg>${row}</arg>
<doc>Returns the text value of the element identified by ``locator``.</doc>
<status status="PASS" start="2025-06-11T12:43:55.942723" elapsed="0.036883"/>
</kw>
<kw name="Log To Console" owner="BuiltIn">
<arg>${text}</arg>
<doc>Logs the given message to the console.</doc>
<status status="PASS" start="2025-06-11T12:43:55.979950" elapsed="0.000677"/>
</kw>
<var name="${row}">&lt;selenium.webdriver.remote.webelement.WebElement (session="d9771c7eb13bb4694c9390cbda36a43a", element="f.FFE2A531DADFC0F6E7A135AB72A05C64.d.7648D02BEC23EC8D62E73B855E791B9A.e.5")&gt;</var>
<status status="PASS" start="2025-06-11T12:43:55.942416" elapsed="0.038567"/>
</iter>
<iter>
<kw name="Get Text" owner="SeleniumLibrary">
<msg time="2025-06-11T12:43:56.021598" level="INFO">${text} = Bach Frank fbach@yahoo.com $51.00 http://www.frank.com edit delete</msg>
<var>${text}</var>
<arg>${row}</arg>
<doc>Returns the text value of the element identified by ``locator``.</doc>
<status status="PASS" start="2025-06-11T12:43:55.981601" elapsed="0.040089"/>
</kw>
<kw name="Log To Console" owner="BuiltIn">
<arg>${text}</arg>
<doc>Logs the given message to the console.</doc>
<status status="PASS" start="2025-06-11T12:43:56.022009" elapsed="0.000788"/>
</kw>
<var name="${row}">&lt;selenium.webdriver.remote.webelement.WebElement (session="d9771c7eb13bb4694c9390cbda36a43a", element="f.FFE2A531DADFC0F6E7A135AB72A05C64.d.7648D02BEC23EC8D62E73B855E791B9A.e.6")&gt;</var>
<status status="PASS" start="2025-06-11T12:43:55.981361" elapsed="0.042232"/>
</iter>
<iter>
<kw name="Get Text" owner="SeleniumLibrary">
<msg time="2025-06-11T12:43:56.070703" level="INFO">${text} = Doe Jason jdoe@hotmail.com $100.00 http://www.jdoe.com edit delete</msg>
<var>${text}</var>
<arg>${row}</arg>
<doc>Returns the text value of the element identified by ``locator``.</doc>
<status status="PASS" start="2025-06-11T12:43:56.026874" elapsed="0.043910"/>
</kw>
<kw name="Log To Console" owner="BuiltIn">
<arg>${text}</arg>
<doc>Logs the given message to the console.</doc>
<status status="PASS" start="2025-06-11T12:43:56.071028" elapsed="0.000630"/>
</kw>
<var name="${row}">&lt;selenium.webdriver.remote.webelement.WebElement (session="d9771c7eb13bb4694c9390cbda36a43a", element="f.FFE2A531DADFC0F6E7A135AB72A05C64.d.7648D02BEC23EC8D62E73B855E791B9A.e.7")&gt;</var>
<status status="PASS" start="2025-06-11T12:43:56.024105" elapsed="0.047946"/>
</iter>
<iter>
<kw name="Get Text" owner="SeleniumLibrary">
<msg time="2025-06-11T12:43:56.089265" level="INFO">${text} = Conway Tim tconway@earthlink.net $50.00 http://www.timconway.com edit delete</msg>
<var>${text}</var>
<arg>${row}</arg>
<doc>Returns the text value of the element identified by ``locator``.</doc>
<status status="PASS" start="2025-06-11T12:43:56.072554" elapsed="0.016812"/>
</kw>
<kw name="Log To Console" owner="BuiltIn">
<arg>${text}</arg>
<doc>Logs the given message to the console.</doc>
<status status="PASS" start="2025-06-11T12:43:56.089707" elapsed="0.000635"/>
</kw>
<var name="${row}">&lt;selenium.webdriver.remote.webelement.WebElement (session="d9771c7eb13bb4694c9390cbda36a43a", element="f.FFE2A531DADFC0F6E7A135AB72A05C64.d.7648D02BEC23EC8D62E73B855E791B9A.e.8")&gt;</var>
<status status="PASS" start="2025-06-11T12:43:56.072332" elapsed="0.018164"/>
</iter>
<var>${row}</var>
<value>@{rows}</value>
<status status="PASS" start="2025-06-11T12:43:55.941814" elapsed="0.148806"/>
</for>
<kw name="Close Browser" owner="SeleniumLibrary">
<doc>Closes the current browser.</doc>
<status status="PASS" start="2025-06-11T12:43:56.092317" elapsed="2.353622"/>
</kw>
<doc>Test pressing keys on the key press input field</doc>
<status status="PASS" start="2025-06-11T12:43:44.967822" elapsed="13.479725"/>
</test>
<status status="PASS" start="2025-06-11T12:43:44.434609" elapsed="14.016185"/>
</suite>
<statistics>
<total>
<stat pass="1" fail="0" skip="0">All Tests</stat>
</total>
<tag>
</tag>
<suite>
<stat name="Tables" id="s1" pass="1" fail="0" skip="0">Tables</stat>
</suite>
</statistics>
<errors>
</errors>
</robot>
